This is pdfTeX, Version 3.14159265-2.6-1.40.16 (TeX Live 2015/Debian) (preloaded format=pdflatex 2018.6.1)  22 AUG 2018 18:08
entering extended mode
 restricted \write18 enabled.
 %&-line parsing enabled.
**main.tex
(./main.tex
LaTeX2e <2016/02/01>
Babel <3.9q> and hyphenation patterns for 81 language(s) loaded.
(/usr/share/texlive/texmf-dist/tex/latex/base/article.cls
Document Class: article 2014/09/29 v1.4h Standard LaTeX document class
(/usr/share/texlive/texmf-dist/tex/latex/base/size10.clo
File: size10.clo 2014/09/29 v1.4h Standard LaTeX file (size option)
)
\c@part=\count79
\c@section=\count80
\c@subsection=\count81
\c@subsubsection=\count82
\c@paragraph=\count83
\c@subparagraph=\count84
\c@figure=\count85
\c@table=\count86
\abovecaptionskip=\skip41
\belowcaptionskip=\skip42
\bibindent=\dimen102
) (./usenix2019.sty
(/usr/share/texlive/texmf-dist/tex/latex/psnfss/mathptmx.sty
Package: mathptmx 2005/04/12 PSNFSS-v9.2a Times w/ Math, improved (SPQR, WaS) 
LaTeX Font Info:    Redeclaring symbol font `operators' on input line 28.
LaTeX Font Info:    Overwriting symbol font `operators' in version `normal'
(Font)                  OT1/cmr/m/n --> OT1/ztmcm/m/n on input line 28.
LaTeX Font Info:    Overwriting symbol font `operators' in version `bold'
(Font)                  OT1/cmr/bx/n --> OT1/ztmcm/m/n on input line 28.
LaTeX Font Info:    Redeclaring symbol font `letters' on input line 29.
LaTeX Font Info:    Overwriting symbol font `letters' in version `normal'
(Font)                  OML/cmm/m/it --> OML/ztmcm/m/it on input line 29.
LaTeX Font Info:    Overwriting symbol font `letters' in version `bold'
(Font)                  OML/cmm/b/it --> OML/ztmcm/m/it on input line 29.
LaTeX Font Info:    Redeclaring symbol font `symbols' on input line 30.
LaTeX Font Info:    Overwriting symbol font `symbols' in version `normal'
(Font)                  OMS/cmsy/m/n --> OMS/ztmcm/m/n on input line 30.
LaTeX Font Info:    Overwriting symbol font `symbols' in version `bold'
(Font)                  OMS/cmsy/b/n --> OMS/ztmcm/m/n on input line 30.
LaTeX Font Info:    Redeclaring symbol font `largesymbols' on input line 31.
LaTeX Font Info:    Overwriting symbol font `largesymbols' in version `normal'
(Font)                  OMX/cmex/m/n --> OMX/ztmcm/m/n on input line 31.
LaTeX Font Info:    Overwriting symbol font `largesymbols' in version `bold'
(Font)                  OMX/cmex/m/n --> OMX/ztmcm/m/n on input line 31.
\symbold=\mathgroup4
\symitalic=\mathgroup5
LaTeX Font Info:    Redeclaring math alphabet \mathbf on input line 34.
LaTeX Font Info:    Overwriting math alphabet `\mathbf' in version `normal'
(Font)                  OT1/cmr/bx/n --> OT1/ptm/bx/n on input line 34.
LaTeX Font Info:    Overwriting math alphabet `\mathbf' in version `bold'
(Font)                  OT1/cmr/bx/n --> OT1/ptm/bx/n on input line 34.
LaTeX Font Info:    Redeclaring math alphabet \mathit on input line 35.
LaTeX Font Info:    Overwriting math alphabet `\mathit' in version `normal'
(Font)                  OT1/cmr/m/it --> OT1/ptm/m/it on input line 35.
LaTeX Font Info:    Overwriting math alphabet `\mathit' in version `bold'
(Font)                  OT1/cmr/bx/it --> OT1/ptm/m/it on input line 35.
LaTeX Info: Redefining \hbar on input line 50.
))
(/usr/share/texlive/texmf-dist/tex/latex/multirow/multirow.sty
\bigstrutjot=\dimen103
)
(/usr/share/texlive/texmf-dist/tex/latex/comment/comment.sty
\CommentStream=\write3

Excluding comment 'comment')
(/usr/share/texlive/texmf-dist/tex/latex/graphics/epsfig.sty
Package: epsfig 1999/02/16 v1.7a (e)psfig emulation (SPQR)

(/usr/share/texlive/texmf-dist/tex/latex/graphics/graphicx.sty
Package: graphicx 2014/10/28 v1.0g Enhanced LaTeX Graphics (DPC,SPQR)

(/usr/share/texlive/texmf-dist/tex/latex/graphics/keyval.sty
Package: keyval 2014/10/28 v1.15 key=value parser (DPC)
\KV@toks@=\toks14
)
(/usr/share/texlive/texmf-dist/tex/latex/graphics/graphics.sty
Package: graphics 2016/01/03 v1.0q Standard LaTeX Graphics (DPC,SPQR)

(/usr/share/texlive/texmf-dist/tex/latex/graphics/trig.sty
Package: trig 2016/01/03 v1.10 sin cos tan (DPC)
)
(/usr/share/texlive/texmf-dist/tex/latex/latexconfig/graphics.cfg
File: graphics.cfg 2010/04/23 v1.9 graphics configuration of TeX Live
)
Package graphics Info: Driver file: pdftex.def on input line 95.

(/usr/share/texlive/texmf-dist/tex/latex/pdftex-def/pdftex.def
File: pdftex.def 2011/05/27 v0.06d Graphics/color for pdfTeX

(/usr/share/texlive/texmf-dist/tex/generic/oberdiek/infwarerr.sty
Package: infwarerr 2010/04/08 v1.3 Providing info/warning/error messages (HO)
)
(/usr/share/texlive/texmf-dist/tex/generic/oberdiek/ltxcmds.sty
Package: ltxcmds 2011/11/09 v1.22 LaTeX kernel commands for general use (HO)
)
\Gread@gobject=\count87
))
\Gin@req@height=\dimen104
\Gin@req@width=\dimen105
)
\epsfxsize=\dimen106
\epsfysize=\dimen107
)
(/usr/share/texlive/texmf-dist/tex/latex/amsfonts/amssymb.sty
Package: amssymb 2013/01/14 v3.01 AMS font symbols

(/usr/share/texlive/texmf-dist/tex/latex/amsfonts/amsfonts.sty
Package: amsfonts 2013/01/14 v3.01 Basic AMSFonts support
\@emptytoks=\toks15
\symAMSa=\mathgroup6
\symAMSb=\mathgroup7
LaTeX Font Info:    Overwriting math alphabet `\mathfrak' in version `bold'
(Font)                  U/euf/m/n --> U/euf/b/n on input line 106.
))
(/usr/share/texlive/texmf-dist/tex/latex/url/url.sty
\Urlmuskip=\muskip10
Package: url 2013/09/16  ver 3.4  Verb mode for urls, etc.
)
(/usr/share/texlive/texmf-dist/tex/latex/subfig/subfig.sty
Package: subfig 2005/06/28 ver: 1.3 subfig package

(/usr/share/texlive/texmf-dist/tex/latex/caption/caption.sty
Package: caption 2016/02/21 v3.3-144 Customizing captions (AR)

(/usr/share/texlive/texmf-dist/tex/latex/caption/caption3.sty
Package: caption3 2016/02/04 v1.7-139 caption3 kernel (AR)
Package caption3 Info: TeX engine: e-TeX on input line 67.
\captionmargin=\dimen108
\captionmargin@=\dimen109
\captionwidth=\dimen110
\caption@tempdima=\dimen111
\caption@indent=\dimen112
\caption@parindent=\dimen113
\caption@hangindent=\dimen114
)
\c@ContinuedFloat=\count88
)
\c@KVtest=\count89
\sf@farskip=\skip43
\sf@captopadj=\dimen115
\sf@capskip=\skip44
\sf@nearskip=\skip45
\c@subfigure=\count90
\c@subfigure@save=\count91
\c@lofdepth=\count92
\c@subtable=\count93
\c@subtable@save=\count94
\c@lotdepth=\count95
\sf@top=\skip46
\sf@bottom=\skip47
)
(/usr/share/texlive/texmf-dist/tex/latex/graphics/color.sty
Package: color 2016/01/03 v1.1b Standard LaTeX Color (DPC)

(/usr/share/texlive/texmf-dist/tex/latex/latexconfig/color.cfg
File: color.cfg 2007/01/18 v1.5 color configuration of teTeX/TeXLive
)
Package color Info: Driver file: pdftex.def on input line 143.
)
(/usr/share/texlive/texmf-dist/tex/latex/xcolor/xcolor.sty
Package: xcolor 2007/01/21 v2.11 LaTeX color extensions (UK)

(/usr/share/texlive/texmf-dist/tex/latex/latexconfig/color.cfg
File: color.cfg 2007/01/18 v1.5 color configuration of teTeX/TeXLive
)
Package xcolor Info: Driver file: pdftex.def on input line 225.
LaTeX Info: Redefining \color on input line 702.
Package xcolor Info: Model `cmy' substituted by `cmy0' on input line 1337.
Package xcolor Info: Model `hsb' substituted by `rgb' on input line 1341.
Package xcolor Info: Model `RGB' extended on input line 1353.
Package xcolor Info: Model `HTML' substituted by `rgb' on input line 1355.
Package xcolor Info: Model `Hsb' substituted by `hsb' on input line 1356.
Package xcolor Info: Model `tHsb' substituted by `hsb' on input line 1357.
Package xcolor Info: Model `HSB' substituted by `hsb' on input line 1358.
Package xcolor Info: Model `Gray' substituted by `gray' on input line 1359.
Package xcolor Info: Model `wave' substituted by `hsb' on input line 1360.
)
(/usr/share/texlive/texmf-dist/tex/latex/cases/cases.sty
Package: cases 2002/05/02 ver 2.5 
) (./main.aux)
\openout1 = `main.aux'.

LaTeX Font Info:    Checking defaults for OML/cmm/m/it on input line 25.
LaTeX Font Info:    ... okay on input line 25.
LaTeX Font Info:    Checking defaults for T1/cmr/m/n on input line 25.
LaTeX Font Info:    ... okay on input line 25.
LaTeX Font Info:    Checking defaults for OT1/cmr/m/n on input line 25.
LaTeX Font Info:    ... okay on input line 25.
LaTeX Font Info:    Checking defaults for OMS/cmsy/m/n on input line 25.
LaTeX Font Info:    ... okay on input line 25.
LaTeX Font Info:    Checking defaults for OMX/cmex/m/n on input line 25.
LaTeX Font Info:    ... okay on input line 25.
LaTeX Font Info:    Checking defaults for U/cmr/m/n on input line 25.
LaTeX Font Info:    ... okay on input line 25.
LaTeX Font Info:    Try loading font information for OT1+ptm on input line 25.

(/usr/share/texlive/texmf-dist/tex/latex/psnfss/ot1ptm.fd
File: ot1ptm.fd 2001/06/04 font definitions for OT1/ptm.
)
\big@size=\dimen116

(/usr/share/texlive/texmf-dist/tex/context/base/supp-pdf.mkii
[Loading MPS to PDF converter (version 2006.09.02).]
\scratchcounter=\count96
\scratchdimen=\dimen117
\scratchbox=\box26
\nofMPsegments=\count97
\nofMParguments=\count98
\everyMPshowfont=\toks16
\MPscratchCnt=\count99
\MPscratchDim=\dimen118
\MPnumerator=\count100
\makeMPintoPDFobject=\count101
\everyMPtoPDFconversion=\toks17
) (/usr/share/texlive/texmf-dist/tex/generic/oberdiek/pdftexcmds.sty
Package: pdftexcmds 2011/11/29 v0.20 Utility functions of pdfTeX for LuaTeX (HO
)

(/usr/share/texlive/texmf-dist/tex/generic/oberdiek/ifluatex.sty
Package: ifluatex 2010/03/01 v1.3 Provides the ifluatex switch (HO)
Package ifluatex Info: LuaTeX not detected.
)
(/usr/share/texlive/texmf-dist/tex/generic/oberdiek/ifpdf.sty
Package: ifpdf 2011/01/30 v2.3 Provides the ifpdf switch (HO)
Package ifpdf Info: pdfTeX in PDF mode is detected.
)
Package pdftexcmds Info: LuaTeX not detected.
Package pdftexcmds Info: \pdf@primitive is available.
Package pdftexcmds Info: \pdf@ifprimitive is available.
Package pdftexcmds Info: \pdfdraftmode found.
)
(/usr/share/texlive/texmf-dist/tex/latex/oberdiek/epstopdf-base.sty
Package: epstopdf-base 2010/02/09 v2.5 Base part for package epstopdf

(/usr/share/texlive/texmf-dist/tex/latex/oberdiek/grfext.sty
Package: grfext 2010/08/19 v1.1 Manage graphics extensions (HO)

(/usr/share/texlive/texmf-dist/tex/generic/oberdiek/kvdefinekeys.sty
Package: kvdefinekeys 2011/04/07 v1.3 Define keys (HO)
))
(/usr/share/texlive/texmf-dist/tex/latex/oberdiek/kvoptions.sty
Package: kvoptions 2011/06/30 v3.11 Key value format for package options (HO)

(/usr/share/texlive/texmf-dist/tex/generic/oberdiek/kvsetkeys.sty
Package: kvsetkeys 2012/04/25 v1.16 Key value parser (HO)

(/usr/share/texlive/texmf-dist/tex/generic/oberdiek/etexcmds.sty
Package: etexcmds 2011/02/16 v1.5 Avoid name clashes with e-TeX commands (HO)
Package etexcmds Info: Could not find \expanded.
(etexcmds)             That can mean that you are not using pdfTeX 1.50 or
(etexcmds)             that some package has redefined \expanded.
(etexcmds)             In the latter case, load this package earlier.
)))
Package grfext Info: Graphics extension search list:
(grfext)             [.png,.pdf,.jpg,.mps,.jpeg,.jbig2,.jb2,.PNG,.PDF,.JPG,.JPE
G,.JBIG2,.JB2,.eps]
(grfext)             \AppendGraphicsExtensions on input line 452.

(/usr/share/texlive/texmf-dist/tex/latex/latexconfig/epstopdf-sys.cfg
File: epstopdf-sys.cfg 2010/07/13 v1.3 Configuration of (r)epstopdf for TeX Liv
e
))
Package caption Info: Begin \AtBeginDocument code.
Package caption Info: subfig package v1.3 is loaded.
Package caption Info: End \AtBeginDocument code.
LaTeX Font Info:    Font shape `OT1/ptm/bx/n' in size <14.4> not available
(Font)              Font shape `OT1/ptm/b/n' tried instead on input line 40.
LaTeX Font Info:    Try loading font information for OT1+ztmcm on input line 40
.

(/usr/share/texlive/texmf-dist/tex/latex/psnfss/ot1ztmcm.fd
File: ot1ztmcm.fd 2000/01/03 Fontinst v1.801 font definitions for OT1/ztmcm.
)
LaTeX Font Info:    Try loading font information for OML+ztmcm on input line 40
.

(/usr/share/texlive/texmf-dist/tex/latex/psnfss/omlztmcm.fd
File: omlztmcm.fd 2000/01/03 Fontinst v1.801 font definitions for OML/ztmcm.
)
LaTeX Font Info:    Try loading font information for OMS+ztmcm on input line 40
.

(/usr/share/texlive/texmf-dist/tex/latex/psnfss/omsztmcm.fd
File: omsztmcm.fd 2000/01/03 Fontinst v1.801 font definitions for OMS/ztmcm.
)
LaTeX Font Info:    Try loading font information for OMX+ztmcm on input line 40
.

(/usr/share/texlive/texmf-dist/tex/latex/psnfss/omxztmcm.fd
File: omxztmcm.fd 2000/01/03 Fontinst v1.801 font definitions for OMX/ztmcm.
)
LaTeX Font Info:    Font shape `OT1/ptm/bx/n' in size <12> not available
(Font)              Font shape `OT1/ptm/b/n' tried instead on input line 40.
LaTeX Font Info:    Font shape `OT1/ptm/bx/n' in size <9> not available
(Font)              Font shape `OT1/ptm/b/n' tried instead on input line 40.
LaTeX Font Info:    Font shape `OT1/ptm/bx/n' in size <7> not available
(Font)              Font shape `OT1/ptm/b/n' tried instead on input line 40.


LaTeX Warning: No \author given.

(./introduction.tex
LaTeX Font Info:    Font shape `OT1/ptm/bx/n' in size <10> not available
(Font)              Font shape `OT1/ptm/b/n' tried instead on input line 6.
LaTeX Font Info:    Font shape `OT1/ptm/bx/n' in size <7.4> not available
(Font)              Font shape `OT1/ptm/b/n' tried instead on input line 6.
LaTeX Font Info:    Font shape `OT1/ptm/bx/n' in size <6> not available
(Font)              Font shape `OT1/ptm/b/n' tried instead on input line 6.
LaTeX Font Info:    Font shape `OT1/ptm/bx/n' in size <8> not available
(Font)              Font shape `OT1/ptm/b/n' tried instead on input line 50.
LaTeX Font Info:    Font shape `OT1/ptm/bx/n' in size <5> not available
(Font)              Font shape `OT1/ptm/b/n' tried instead on input line 50.
 [1{/var/lib/texmf/fonts/map/pdftex/updmap/pdftex.map}


])
(./motivation.tex
Underfull \hbox (badness 10000) in paragraph at lines 4--13

 []

<figure/lba_lifetime2.png, id=11, 385.44pt x 234.8775pt>
File: figure/lba_lifetime2.png Graphic file (type png)

<use figure/lba_lifetime2.png>
Package pdftex.def Info: figure/lba_lifetime2.png used on input line 35.
(pdftex.def)             Requested size: 108.7645pt x 66.27774pt.
Package epstopdf Info: Source file: <figure/lifetime_in_chunk.eps>
(epstopdf)                    date: 2018-08-22 15:45:38
(epstopdf)                    size: 28908 bytes
(epstopdf)             Output file: <figure/lifetime_in_chunk-eps-converted-to.
pdf>
(epstopdf)                    date: 2018-08-22 15:45:38
(epstopdf)                    size: 14228 bytes
(epstopdf)             Command: <repstopdf --outfile=figure/lifetime_in_chunk-e
ps-converted-to.pdf figure/lifetime_in_chunk.eps>
(epstopdf)             \includegraphics on input line 37.
Package epstopdf Info: Output file is already uptodate.

<figure/lifetime_in_chunk-eps-converted-to.pdf, id=12, 144.54pt x 88.33pt>
File: figure/lifetime_in_chunk-eps-converted-to.pdf Graphic file (type pdf)

<use figure/lifetime_in_chunk-eps-converted-to.pdf>
Package pdftex.def Info: figure/lifetime_in_chunk-eps-converted-to.pdf used on 
input line 37.
(pdftex.def)             Requested size: 106.2403pt x 64.92378pt.

Excluding 'comment' comment. Excluding 'comment' comment.
<figure/type_1.png, id=13, 385.44pt x 234.8775pt>
File: figure/type_1.png Graphic file (type png)
 <use figure/type_1.png>
Package pdftex.def Info: figure/type_1.png used on input line 121.
(pdftex.def)             Requested size: 101.17645pt x 61.65446pt.

<figure/pcID_2.png, id=14, 385.44pt x 234.8775pt>
File: figure/pcID_2.png Graphic file (type png)
 <use figure/pcID_2.png>
Package pdftex.def Info: figure/pcID_2.png used on input line 123.
(pdftex.def)             Requested size: 101.17645pt x 61.65446pt.

<figure/type_3.png, id=15, 385.44pt x 234.8775pt>
File: figure/type_3.png Graphic file (type png)
 <use figure/type_3.png>
Package pdftex.def Info: figure/type_3.png used on input line 126.
(pdftex.def)             Requested size: 101.17645pt x 61.65446pt.

<figure/pcID_3.png, id=16, 385.44pt x 234.8775pt>
File: figure/pcID_3.png Graphic file (type png)
 <use figure/pcID_3.png>
Package pdftex.def Info: figure/pcID_3.png used on input line 128.
(pdftex.def)             Requested size: 101.17645pt x 61.65446pt.

[2 <./figure/lba_lifetime2.png> <./figure/lifetime_in_chunk-eps-converted-to.pd
f>]
Underfull \hbox (badness 10000) in paragraph at lines 155--156

 []


Underfull \hbox (badness 10000) in paragraph at lines 155--156

 []

<figure/pc_3.png, id=27, 385.44pt x 234.8775pt>
File: figure/pc_3.png Graphic file (type png)
 <use figure/pc_3.png>
Package pdftex.def Info: figure/pc_3.png used on input line 214.
(pdftex.def)             Requested size: 96.12033pt x 58.57228pt.

<figure/type_4.png, id=28, 385.44pt x 234.8775pt>
File: figure/type_4.png Graphic file (type png)
 <use figure/type_4.png>
Package pdftex.def Info: figure/type_4.png used on input line 216.
(pdftex.def)             Requested size: 96.12033pt x 58.57228pt.

<figure/type_5.png, id=29, 385.44pt x 234.8775pt>
File: figure/type_5.png Graphic file (type png)
 <use figure/type_5.png>
Package pdftex.def Info: figure/type_5.png used on input line 219.
(pdftex.def)             Requested size: 96.12033pt x 58.57228pt.

<figure/type_6.png, id=30, 385.44pt x 234.8775pt>
File: figure/type_6.png Graphic file (type png)
 <use figure/type_6.png>
Package pdftex.def Info: figure/type_6.png used on input line 221.
(pdftex.def)             Requested size: 96.12033pt x 58.57228pt.
)
(./pcstream.tex
Underfull \vbox (badness 2343) has occurred while \output is active []

 [3 <./figure/type_1.png> <./figure/pcID_2.png> <./figure/type_3.png> <./figure
/pcID_3.png> <./figure/pc_3.png> <./figure/type_4.png> <./figure/type_5.png> <.
/figure/type_6.png>]
Package epstopdf Info: Source file: <figure/architecture4.eps>
(epstopdf)                    date: 2018-08-22 15:45:38
(epstopdf)                    size: 483925 bytes
(epstopdf)             Output file: <figure/architecture4-eps-converted-to.pdf>

(epstopdf)                    date: 2018-08-22 15:45:38
(epstopdf)                    size: 48513 bytes
(epstopdf)             Command: <repstopdf --outfile=figure/architecture4-eps-c
onverted-to.pdf figure/architecture4.eps>
(epstopdf)             \includegraphics on input line 54.
Package epstopdf Info: Output file is already uptodate.

<figure/architecture4-eps-converted-to.pdf, id=43, 279.0425pt x 252.945pt>
File: figure/architecture4-eps-converted-to.pdf Graphic file (type pdf)

<use figure/architecture4-eps-converted-to.pdf>
Package pdftex.def Info: figure/architecture4-eps-converted-to.pdf used on inpu
t line 54.
(pdftex.def)             Requested size: 144.6137pt x 131.09215pt.
Package epstopdf Info: Source file: <figure/getpc_1.eps>
(epstopdf)                    date: 2018-08-22 15:45:38
(epstopdf)                    size: 432418 bytes
(epstopdf)             Output file: <figure/getpc_1-eps-converted-to.pdf>
(epstopdf)                    date: 2018-08-22 15:45:38
(epstopdf)                    size: 34428 bytes
(epstopdf)             Command: <repstopdf --outfile=figure/getpc_1-eps-convert
ed-to.pdf figure/getpc_1.eps>
(epstopdf)             \includegraphics on input line 75.
Package epstopdf Info: Output file is already uptodate.

<figure/getpc_1-eps-converted-to.pdf, id=44, 480.79625pt x 41.15375pt>
File: figure/getpc_1-eps-converted-to.pdf Graphic file (type pdf)

<use figure/getpc_1-eps-converted-to.pdf>
Package pdftex.def Info: figure/getpc_1-eps-converted-to.pdf used on input line
 75.
(pdftex.def)             Requested size: 202.3529pt x 17.32086pt.
Package epstopdf Info: Source file: <figure/getpc_2.eps>
(epstopdf)                    date: 2018-08-22 15:45:38
(epstopdf)                    size: 760620 bytes
(epstopdf)             Output file: <figure/getpc_2-eps-converted-to.pdf>
(epstopdf)                    date: 2018-08-22 15:45:38
(epstopdf)                    size: 69210 bytes
(epstopdf)             Command: <repstopdf --outfile=figure/getpc_2-eps-convert
ed-to.pdf figure/getpc_2.eps>
(epstopdf)             \includegraphics on input line 78.
Package epstopdf Info: Output file is already uptodate.

<figure/getpc_2-eps-converted-to.pdf, id=45, 268.00125pt x 173.64874pt>
File: figure/getpc_2-eps-converted-to.pdf Graphic file (type pdf)

<use figure/getpc_2-eps-converted-to.pdf>
Package pdftex.def Info: figure/getpc_2-eps-converted-to.pdf used on input line
 78.
(pdftex.def)             Requested size: 111.29642pt x 72.11322pt.
Package epstopdf Info: Source file: <figure/getpc_3.eps>
(epstopdf)                    date: 2018-08-22 15:45:38
(epstopdf)                    size: 636429 bytes
(epstopdf)             Output file: <figure/getpc_3-eps-converted-to.pdf>
(epstopdf)                    date: 2018-08-22 15:45:38
(epstopdf)                    size: 55185 bytes
(epstopdf)             Command: <repstopdf --outfile=figure/getpc_3-eps-convert
ed-to.pdf figure/getpc_3.eps>
(epstopdf)             \includegraphics on input line 79.
Package epstopdf Info: Output file is already uptodate.

<figure/getpc_3-eps-converted-to.pdf, id=46, 278.03876pt x 176.66pt>
File: figure/getpc_3-eps-converted-to.pdf Graphic file (type pdf)

<use figure/getpc_3-eps-converted-to.pdf>
Package pdftex.def Info: figure/getpc_3-eps-converted-to.pdf used on input line
 79.
(pdftex.def)             Requested size: 111.29642pt x 70.71664pt.

Underfull \hbox (badness 6493) in paragraph at lines 87--101
[]\OT1/ptm/m/n/10 In \OT1/cmss/m/n/9 PC-Stream\OT1/ptm/m/n/10 , we em-ploy a si
m-ple but ef-fec-tive
 []


Underfull \hbox (badness 10000) in paragraph at lines 103--104

 []


Underfull \hbox (badness 10000) in paragraph at lines 103--104

 []


Underfull \vbox (badness 10000) has occurred while \output is active []

 [4 <./figure/architecture4-eps-converted-to.pdf> <./figure/getpc_1-eps-convert
ed-to.pdf> <./figure/getpc_2-eps-converted-to.pdf> <./figure/getpc_3-eps-conver
ted-to.pdf>]
Underfull \hbox (badness 10000) in paragraph at lines 106--118

 []


Underfull \hbox (badness 2443) in paragraph at lines 106--118
\OT1/ptm/m/n/10 The pre-dic-tion of PC life-times is rather com-pli-cated.
 []


Underfull \hbox (badness 10000) in paragraph at lines 140--141

 []


Underfull \hbox (badness 10000) in paragraph at lines 140--141

 []


Underfull \hbox (badness 10000) in paragraph at lines 143--144

 []


Underfull \hbox (badness 10000) in paragraph at lines 143--144

 []

) (./experiment.tex
Package epstopdf Info: Source file: <figure/expfig.eps>
(epstopdf)                    date: 2018-08-22 15:45:39
(epstopdf)                    size: 572675 bytes
(epstopdf)             Output file: <figure/expfig-eps-converted-to.pdf>
(epstopdf)                    date: 2018-08-22 15:46:09
(epstopdf)                    size: 59179 bytes
(epstopdf)             Command: <repstopdf --outfile=figure/expfig-eps-converte
d-to.pdf figure/expfig.eps>
(epstopdf)             \includegraphics on input line 6.
Package epstopdf Info: Output file is already uptodate.

<figure/expfig-eps-converted-to.pdf, id=139, 1193.45876pt x 285.065pt>
File: figure/expfig-eps-converted-to.pdf Graphic file (type pdf)

<use figure/expfig-eps-converted-to.pdf>
Package pdftex.def Info: figure/expfig-eps-converted-to.pdf used on input line 
6.
(pdftex.def)             Requested size: 505.89pt x 120.83566pt.

Underfull \hbox (badness 3302) in paragraph at lines 27--34
[]\OT1/ptm/m/n/10 For bench-marks, we have used three sce-nar-ios of
 []


Underfull \hbox (badness 1210) in paragraph at lines 27--34
\OT1/cmtt/m/n/10 db[]bench \OT1/ptm/m/n/10 of RocksDB: Update-Random (\OT1/cmtt
/m/n/10 UR\OT1/ptm/m/n/10 ), Append-
 []

[5]) (./conclusion.tex
Underfull \vbox (badness 10000) has occurred while \output is active []

)
Excluding 'comment' comment. (./reference.tex [6 <./figure/expfig-eps-converted
-to.pdf>]
No file main.bbl.

Underfull \hbox (badness 2012) in paragraph at lines 7--9
[]\OT1/ptm/m/n/10 SCSI Block Commnads-4 (SBC-4). $\OT1/cmtt/m/n/10 http : / / w
ww .
 []


Underfull \hbox (badness 10000) in paragraph at lines 38--40
[]\OT1/ptm/m/n/10 Facebook. $\OT1/cmtt/m/n/10 https : / / github . com / facebo
ok /
 []


Underfull \hbox (badness 10000) in paragraph at lines 42--44
[]\OT1/ptm/m/n/10 Apache Cas-san-dra. $\OT1/cmtt/m/n/10 http : / / cassandra . 
apache .
 []


Underfull \hbox (badness 1603) in paragraph at lines 51--54
[]\OT1/ptm/m/n/10 F. Zhou, J. Behren, and E. Brewer. Amp: Pro-
 []

) [7] (./main.aux) ) 
Here is how much of TeX's memory you used:
 3944 strings out of 493029
 59212 string characters out of 6136235
 128070 words of memory out of 5000000
 7356 multiletter control sequences out of 15000+600000
 46447 words of font info for 107 fonts, out of 8000000 for 9000
 1141 hyphenation exceptions out of 8191
 44i,10n,49p,595b,354s stack positions out of 5000i,500n,10000p,200000b,80000s
{/usr/share/texlive/texmf-dist/fonts/enc/dvips/base/8r.enc}
</usr/share/texlive/texmf-dist/fonts/type1/public/amsfonts/cm/cmmi10.pfb></usr/
share/texlive/texmf-dist/fonts/type1/public/amsfonts/cm/cmss10.pfb></usr/share/
texlive/texmf-dist/fonts/type1/public/amsfonts/cm/cmss9.pfb></usr/share/texlive
/texmf-dist/fonts/type1/public/amsfonts/cm/cmssbx10.pfb></usr/share/texlive/tex
mf-dist/fonts/type1/public/amsfonts/cm/cmsy10.pfb></usr/share/texlive/texmf-dis
t/fonts/type1/public/amsfonts/cm/cmtt10.pfb></usr/share/texlive/texmf-dist/font
s/type1/urw/times/utmb8a.pfb></usr/share/texlive/texmf-dist/fonts/type1/urw/tim
es/utmr8a.pfb></usr/share/texlive/texmf-dist/fonts/type1/urw/times/utmri8a.pfb>

Output written on main.pdf (7 pages, 462095 bytes).
PDF statistics:
 203 PDF objects out of 1000 (max. 8388607)
 104 compressed objects within 2 object streams
 0 named destinations out of 1000 (max. 500000)
 76 words of extra memory for PDF output out of 10000 (max. 10000000)

